c:\users\rp4k\desktop\chht06b\hauntedharbour_gd\hauntedharbour_gd\debug\vc142.pdb
c:\users\rp4k\desktop\chht06b\hauntedharbour_gd\hauntedharbour_gd\debug\vc142.idb
c:\users\rp4k\desktop\chht06b\hauntedharbour_gd\hauntedharbour_gd\debug\weaponsobject.obj
c:\users\rp4k\desktop\chht06b\hauntedharbour_gd\hauntedharbour_gd\debug\playerobject.obj
c:\users\rp4k\desktop\chht06b\hauntedharbour_gd\hauntedharbour_gd\debug\hauntedharbour_gd.obj
c:\users\rp4k\desktop\chht06b\hauntedharbour_gd\hauntedharbour_gd\debug\graphicsobject.obj
c:\users\rp4k\desktop\chht06b\hauntedharbour_gd\hauntedharbour_gd\debug\bulletobject.obj
c:\users\rp4k\desktop\chht06b\hauntedharbour_gd\hauntedharbour_gd\debug\backgroundobject.obj
c:\users\rp4k\desktop\chht06b\hauntedharbour_gd\debug\hauntedharbour_gd.exe
c:\users\rp4k\desktop\chht06b\hauntedharbour_gd\debug\hauntedharbour_gd.ilk
c:\users\rp4k\desktop\chht06b\hauntedharbour_gd\debug\hauntedharbour_gd.pdb
c:\users\rp4k\desktop\chht06b\hauntedharbour_gd\hauntedharbour_gd\debug\hauntedharbour_gd.res
c:\users\rp4k\desktop\chht06b\hauntedharbour_gd\hauntedharbour_gd\debug\hauntedh.d97d00ee.tlog\cl.command.1.tlog
c:\users\rp4k\desktop\chht06b\hauntedharbour_gd\hauntedharbour_gd\debug\hauntedh.d97d00ee.tlog\cl.read.1.tlog
c:\users\rp4k\desktop\chht06b\hauntedharbour_gd\hauntedharbour_gd\debug\hauntedh.d97d00ee.tlog\cl.write.1.tlog
c:\users\rp4k\desktop\chht06b\hauntedharbour_gd\hauntedharbour_gd\debug\hauntedh.d97d00ee.tlog\link.command.1.tlog
c:\users\rp4k\desktop\chht06b\hauntedharbour_gd\hauntedharbour_gd\debug\hauntedh.d97d00ee.tlog\link.read.1.tlog
c:\users\rp4k\desktop\chht06b\hauntedharbour_gd\hauntedharbour_gd\debug\hauntedh.d97d00ee.tlog\link.write.1.tlog
c:\users\rp4k\desktop\chht06b\hauntedharbour_gd\hauntedharbour_gd\debug\hauntedh.d97d00ee.tlog\rc.command.1.tlog
c:\users\rp4k\desktop\chht06b\hauntedharbour_gd\hauntedharbour_gd\debug\hauntedh.d97d00ee.tlog\rc.read.1.tlog
c:\users\rp4k\desktop\chht06b\hauntedharbour_gd\hauntedharbour_gd\debug\hauntedh.d97d00ee.tlog\rc.write.1.tlog
